<?xml version="1.0" encoding="UTF-8"?>
<testng-results ignored="0" total="1" passed="1" failed="0" skipped="0">
  <reporter-output>
  </reporter-output>
  <suite started-at="2024-09-11T15:27:23 GMT-05:00" name="Suite" finished-at="2024-09-11T15:27:23 GMT-05:00" duration-ms="0">
    <groups>
    </groups>
  </suite> <!-- Suite -->
  <suite started-at="2024-09-11T15:27:22 GMT-05:00" name="Suite (0)" finished-at="2024-09-11T15:27:23 GMT-05:00" duration-ms="505">
    <groups>
    </groups>
    <test started-at="2024-09-11T15:27:22 GMT-05:00" name="Test" finished-at="2024-09-11T15:27:23 GMT-05:00" duration-ms="505">
      <class name="BSCClass.Airthmatic">
        <test-method signature="Plus()[pri:0, instance:BSCClass.Airthmatic@750e2b97]" started-at="2024-09-11T15:27:23 GMT-05:00" name="Plus" finished-at="2024-09-11T15:27:23 GMT-05:00" duration-ms="172" status="PASS">
          <reporter-output>
          </reporter-output>
        </test-method> <!-- Plus -->
      </class> <!-- BSCClass.Airthmatic -->
    </test> <!-- Test -->
  </suite> <!-- Suite (0) -->
</testng-results>
