<?xml version="1.0" encoding="UTF-8"?>
<testng-results ignored="0" total="1" passed="1" failed="0" skipped="0">
  <reporter-output>
  </reporter-output>
  <suite started-at="2024-09-11T15:03:53 GMT-05:00" name="Default suite" finished-at="2024-09-11T15:03:54 GMT-05:00" duration-ms="484">
    <groups>
    </groups>
    <test started-at="2024-09-11T15:03:53 GMT-05:00" name="Default test" finished-at="2024-09-11T15:03:54 GMT-05:00" duration-ms="484">
      <class name="BSCClass.Airthmatic">
        <test-method signature="Plus()[pri:0, instance:BSCClass.Airthmatic@68702e03]" started-at="2024-09-11T15:03:53 GMT-05:00" name="Plus" finished-at="2024-09-11T15:03:53 GMT-05:00" duration-ms="129" status="PASS">
          <reporter-output>
          </reporter-output>
        </test-method> <!-- Plus -->
      </class> <!-- BSCClass.Airthmatic -->
    </test> <!-- Default test -->
  </suite> <!-- Default suite -->
</testng-results>
